[ 2025-11-13 16:19:28,500 ] 13 root - INFO - Starting Data Ingestion Pipeline...
[ 2025-11-13 16:19:28,920 ] 40 root - INFO - MongoDB client initialized successfully 
[ 2025-11-13 16:19:28,920 ] 37 root - INFO - DataIngest class initialized successfully.
[ 2025-11-13 16:19:35,684 ] 73 root - INFO - fetched 11055 documents from KNAS68.NetworkData
[ 2025-11-13 16:19:35,700 ] 45 root - INFO - Successfully fetched 11055 records from MongoDB.
[ 2025-11-13 16:19:35,768 ] 47 root - INFO - Data successfully fetched and saved to feature store
[ 2025-11-13 16:19:35,770 ] 54 root - INFO - Train test split initiation
[ 2025-11-13 16:19:35,827 ] 62 root - INFO - Train data saved to artifacts\Ingest\train.csv
[ 2025-11-13 16:19:35,827 ] 63 root - INFO - Valid data saved to artifacts\Ingest\valid.csv
[ 2025-11-13 16:19:35,827 ] 64 root - INFO - Test data saved to artifacts\Ingest\test.csv
[ 2025-11-13 16:19:35,827 ] 65 root - INFO - Data Split Conpleted
[ 2025-11-13 16:19:35,828 ] 50 root - INFO - All validation directories created successfully.
[ 2025-11-13 16:19:35,863 ] 64 root - INFO - Data schema created at: data_schema\data_schema.yaml
[ 2025-11-13 16:19:35,928 ] 37 root - INFO - Required number of cols:31
[ 2025-11-13 16:19:35,930 ] 38 root - INFO - DataFrame has columns:Index(['having_IP_Address', 'URL_Length', 'Shortining_Service',
       'having_At_Symbol', 'double_slash_redirecting', 'Prefix_Suffix',
       'having_Sub_Domain', 'SSLfinal_State', 'Domain_registeration_length',
       'Favicon', 'port', 'HTTPS_token', 'Request_URL', 'URL_of_Anchor',
       'Links_in_tags', 'SFH', 'Submitting_to_email', 'Abnormal_URL',
       'Redirect', 'on_mouseover', 'RightClick', 'popUpWidnow', 'Iframe',
       'age_of_domain', 'DNSRecord', 'web_traffic', 'Page_Rank',
       'Google_Index', 'Links_pointing_to_page', 'Statistical_report',
       'Result'],
      dtype='object')
[ 2025-11-13 16:19:35,930 ] 37 root - INFO - Required number of cols:31
[ 2025-11-13 16:19:35,932 ] 38 root - INFO - DataFrame has columns:Index(['having_IP_Address', 'URL_Length', 'Shortining_Service',
       'having_At_Symbol', 'double_slash_redirecting', 'Prefix_Suffix',
       'having_Sub_Domain', 'SSLfinal_State', 'Domain_registeration_length',
       'Favicon', 'port', 'HTTPS_token', 'Request_URL', 'URL_of_Anchor',
       'Links_in_tags', 'SFH', 'Submitting_to_email', 'Abnormal_URL',
       'Redirect', 'on_mouseover', 'RightClick', 'popUpWidnow', 'Iframe',
       'age_of_domain', 'DNSRecord', 'web_traffic', 'Page_Rank',
       'Google_Index', 'Links_pointing_to_page', 'Statistical_report',
       'Result'],
      dtype='object')
[ 2025-11-13 16:19:35,932 ] 37 root - INFO - Required number of cols:31
[ 2025-11-13 16:19:35,932 ] 38 root - INFO - DataFrame has columns:Index(['having_IP_Address', 'URL_Length', 'Shortining_Service',
       'having_At_Symbol', 'double_slash_redirecting', 'Prefix_Suffix',
       'having_Sub_Domain', 'SSLfinal_State', 'Domain_registeration_length',
       'Favicon', 'port', 'HTTPS_token', 'Request_URL', 'URL_of_Anchor',
       'Links_in_tags', 'SFH', 'Submitting_to_email', 'Abnormal_URL',
       'Redirect', 'on_mouseover', 'RightClick', 'popUpWidnow', 'Iframe',
       'age_of_domain', 'DNSRecord', 'web_traffic', 'Page_Rank',
       'Google_Index', 'Links_pointing_to_page', 'Statistical_report',
       'Result'],
      dtype='object')
[ 2025-11-13 16:19:36,002 ] 66 root - INFO - Drift report written to: artifacts\validation\drift_report\report.yaml
[ 2025-11-13 16:19:36,058 ] 114 root - INFO - Validated files saved to: artifacts\validation\validated
[ 2025-11-13 16:19:36,058 ] 24 root - INFO - Data ingestion and validation pipeline completed successfully.
[ 2025-11-13 16:19:36,058 ] 29 root - INFO - Starting Data Transformation Pipeline...
[ 2025-11-13 16:19:36,082 ] 40 root - INFO - Loaded train data from artifacts\validation\validated successfully
[ 2025-11-13 16:19:36,084 ] 43 root - INFO - Columns have been split into cat_cols: [] and numeric_cols: ['having_IP_Address', 'URL_Length', 'Shortining_Service', 'having_At_Symbol', 'double_slash_redirecting', 'Prefix_Suffix', 'having_Sub_Domain', 'SSLfinal_State', 'Domain_registeration_length', 'Favicon', 'port', 'HTTPS_token', 'Request_URL', 'URL_of_Anchor', 'Links_in_tags', 'SFH', 'Submitting_to_email', 'Abnormal_URL', 'Redirect', 'on_mouseover', 'RightClick', 'popUpWidnow', 'Iframe', 'age_of_domain', 'DNSRecord', 'web_traffic', 'Page_Rank', 'Google_Index', 'Links_pointing_to_page', 'Statistical_report']
[ 2025-11-13 16:19:36,152 ] 40 root - INFO - Loaded train data from artifacts\validation\validated successfully
[ 2025-11-13 16:19:36,152 ] 43 root - INFO - Columns have been split into cat_cols: [] and numeric_cols: ['having_IP_Address', 'URL_Length', 'Shortining_Service', 'having_At_Symbol', 'double_slash_redirecting', 'Prefix_Suffix', 'having_Sub_Domain', 'SSLfinal_State', 'Domain_registeration_length', 'Favicon', 'port', 'HTTPS_token', 'Request_URL', 'URL_of_Anchor', 'Links_in_tags', 'SFH', 'Submitting_to_email', 'Abnormal_URL', 'Redirect', 'on_mouseover', 'RightClick', 'popUpWidnow', 'Iframe', 'age_of_domain', 'DNSRecord', 'web_traffic', 'Page_Rank', 'Google_Index', 'Links_pointing_to_page', 'Statistical_report']
[ 2025-11-13 16:19:36,152 ] 77 root - INFO - Applying preprocessing object on datasets
[ 2025-11-13 16:19:36,192 ] 39 root - INFO - Loading numpy files from transformed path
[ 2025-11-13 16:19:36,233 ] 44 root - INFO - resplitting the array in to X_train,y_train
[ 2025-11-13 16:20:58,455 ] 17 root - ERROR - Exception type: ValueError
Message: 
All the 216 fits failed.
It is very likely that your model is misconfigured.
You can try to debug the error by setting error_score='raise'.

Below are more details about the failures:
--------------------------------------------------------------------------------
216 fits failed with the following error:
Traceback (most recent call last):
  File "C:\Users\HP\Desktop\ML Projects\E2Enectsecurity\myenv\Lib\site-packages\sklearn\model_selection\_validation.py", line 859, in _fit_and_score
    estimator.fit(X_train, y_train, **fit_params)
  File "C:\Users\HP\Desktop\ML Projects\E2Enectsecurity\myenv\Lib\site-packages\xgboost\core.py", line 774, in inner_f
    return func(**kwargs)
           ^^^^^^^^^^^^^^
  File "C:\Users\HP\Desktop\ML Projects\E2Enectsecurity\myenv\Lib\site-packages\xgboost\sklearn.py", line 1758, in fit
    raise ValueError(
ValueError: Invalid classes inferred from unique values of `y`.  Expected: [0 1], got [-1.  1.]

Traceback:   File "C:\Users\HP\Desktop\ML Projects\E2Enectsecurity\src\utils\ml_utils\ml_calls.py", line 32, in train_evaluate_model
    gs.fit(X_train,y_train)
  File "C:\Users\HP\Desktop\ML Projects\E2Enectsecurity\myenv\Lib\site-packages\sklearn\base.py", line 1365, in wrapper
    return fit_method(estimator, *args, **kwargs)
           ^^^^^^^^^^^^^^^^^^^^^^^^^^^^^^^^^^^^^^
  File "C:\Users\HP\Desktop\ML Projects\E2Enectsecurity\myenv\Lib\site-packages\sklearn\model_selection\_search.py", line 1051, in fit
    self._run_search(evaluate_candidates)
  File "C:\Users\HP\Desktop\ML Projects\E2Enectsecurity\myenv\Lib\site-packages\sklearn\model_selection\_search.py", line 1605, in _run_search
    evaluate_candidates(ParameterGrid(self.param_grid))
  File "C:\Users\HP\Desktop\ML Projects\E2Enectsecurity\myenv\Lib\site-packages\sklearn\model_selection\_search.py", line 1028, in evaluate_candidates
    _warn_or_raise_about_fit_failures(out, self.error_score)
  File "C:\Users\HP\Desktop\ML Projects\E2Enectsecurity\myenv\Lib\site-packages\sklearn\model_selection\_validation.py", line 505, in _warn_or_raise_about_fit_failures
    raise ValueError(all_fits_failed_message)


[ 2025-11-13 16:20:58,456 ] 17 root - ERROR - Exception type: CustomException
Message: Exception type: ValueError
Message: 
All the 216 fits failed.
It is very likely that your model is misconfigured.
You can try to debug the error by setting error_score='raise'.

Below are more details about the failures:
--------------------------------------------------------------------------------
216 fits failed with the following error:
Traceback (most recent call last):
  File "C:\Users\HP\Desktop\ML Projects\E2Enectsecurity\myenv\Lib\site-packages\sklearn\model_selection\_validation.py", line 859, in _fit_and_score
    estimator.fit(X_train, y_train, **fit_params)
  File "C:\Users\HP\Desktop\ML Projects\E2Enectsecurity\myenv\Lib\site-packages\xgboost\core.py", line 774, in inner_f
    return func(**kwargs)
           ^^^^^^^^^^^^^^
  File "C:\Users\HP\Desktop\ML Projects\E2Enectsecurity\myenv\Lib\site-packages\xgboost\sklearn.py", line 1758, in fit
    raise ValueError(
ValueError: Invalid classes inferred from unique values of `y`.  Expected: [0 1], got [-1.  1.]

Traceback:   File "C:\Users\HP\Desktop\ML Projects\E2Enectsecurity\src\utils\ml_utils\ml_calls.py", line 32, in train_evaluate_model
    gs.fit(X_train,y_train)
  File "C:\Users\HP\Desktop\ML Projects\E2Enectsecurity\myenv\Lib\site-packages\sklearn\base.py", line 1365, in wrapper
    return fit_method(estimator, *args, **kwargs)
           ^^^^^^^^^^^^^^^^^^^^^^^^^^^^^^^^^^^^^^
  File "C:\Users\HP\Desktop\ML Projects\E2Enectsecurity\myenv\Lib\site-packages\sklearn\model_selection\_search.py", line 1051, in fit
    self._run_search(evaluate_candidates)
  File "C:\Users\HP\Desktop\ML Projects\E2Enectsecurity\myenv\Lib\site-packages\sklearn\model_selection\_search.py", line 1605, in _run_search
    evaluate_candidates(ParameterGrid(self.param_grid))
  File "C:\Users\HP\Desktop\ML Projects\E2Enectsecurity\myenv\Lib\site-packages\sklearn\model_selection\_search.py", line 1028, in evaluate_candidates
    _warn_or_raise_about_fit_failures(out, self.error_score)
  File "C:\Users\HP\Desktop\ML Projects\E2Enectsecurity\myenv\Lib\site-packages\sklearn\model_selection\_validation.py", line 505, in _warn_or_raise_about_fit_failures
    raise ValueError(all_fits_failed_message)


Traceback:   File "C:\Users\HP\Desktop\ML Projects\E2Enectsecurity\main.py", line 45, in <module>
    best_model_name, best_model_score, best_model = model_trainer.evaluate_train_model()
                                                    ^^^^^^^^^^^^^^^^^^^^^^^^^^^^^^^^^^^^
  File "C:\Users\HP\Desktop\ML Projects\E2Enectsecurity\src\components\model_trainer.py", line 100, in evaluate_train_model
    df=train_evaluate_model(models=models,X_train=X_train,y_train=y_train,
       ^^^^^^^^^^^^^^^^^^^^^^^^^^^^^^^^^^^^^^^^^^^^^^^^^^^^^^^^^^^^^^^^^^^
  File "C:\Users\HP\Desktop\ML Projects\E2Enectsecurity\src\utils\ml_utils\ml_calls.py", line 63, in train_evaluate_model
    raise CustomException(e)


